2018-03-22T08:27:21.211Z - normal: Load ~/.CocosCreator/settings.json
2018-03-22T08:27:21.214Z - normal: checking language setting...
2018-03-22T08:27:21.214Z - normal: Language: zh
2018-03-22T08:27:22.947Z - success: protocol editor-framework registered
2018-03-22T08:27:22.947Z - success: protocol app registered
2018-03-22T08:27:22.947Z - success: protocol theme registered
2018-03-22T08:27:22.947Z - success: protocol packages registered
2018-03-22T08:27:22.947Z - success: protocol unpack registerred
2018-03-22T08:27:22.947Z - success: protocol disable-commonjs registerred
2018-03-22T08:27:23.149Z - normal: connected!
2018-03-22T08:27:23.155Z - normal: Check project E:\github\MusicGame20180312\BaMao
2018-03-22T08:27:23.158Z - normal: Initializing Cocos2d
2018-03-22T08:27:23.437Z - normal: Initializing Asset Database
2018-03-22T08:27:23.468Z - success: protocol uuid registerred
2018-03-22T08:27:23.468Z - success: protocol db registerred
2018-03-22T08:27:23.468Z - success: protocol thumbnail registerred
2018-03-22T08:27:23.468Z - normal: Loading editor/builtin packages
2018-03-22T08:27:23.485Z - success: anysdk loaded
2018-03-22T08:27:23.588Z - success: assets loaded
2018-03-22T08:27:23.589Z - success: builder loaded
2018-03-22T08:27:23.591Z - success: cocos-analytics loaded
2018-03-22T08:27:23.608Z - success: console loaded
2018-03-22T08:27:23.692Z - success: fb-instant-games loaded
2018-03-22T08:27:23.696Z - success: hierarchy loaded
2018-03-22T08:27:23.698Z - success: inspector loaded
2018-03-22T08:27:23.700Z - success: keystore loaded
2018-03-22T08:27:23.702Z - success: node-library loaded
2018-03-22T08:27:23.703Z - success: package-asset loaded
2018-03-22T08:27:23.706Z - success: preferences loaded
2018-03-22T08:27:23.707Z - success: project-exporter loaded
2018-03-22T08:27:23.723Z - success: project-importer loaded
2018-03-22T08:27:23.724Z - success: project-settings loaded
2018-03-22T08:27:23.728Z - success: ui-kit loaded
2018-03-22T08:27:23.729Z - success: ui-grid loaded
2018-03-22T08:27:23.731Z - success: scene loaded
2018-03-22T08:27:23.732Z - success: sprite-editor loaded
2018-03-22T08:27:23.734Z - success: store loaded
2018-03-22T08:27:23.737Z - success: timeline loaded
2018-03-22T08:27:23.738Z - normal: Loading builtin packages
2018-03-22T08:27:23.739Z - success: asset-db-debugger loaded
2018-03-22T08:27:23.740Z - success: code-editor loaded
2018-03-22T08:27:23.740Z - success: color-picker loaded
2018-03-22T08:27:23.743Z - success: package-manager loaded
2018-03-22T08:27:23.747Z - success: sdkbox loaded
2018-03-22T08:27:23.749Z - success: tester loaded
2018-03-22T08:27:23.750Z - success: ui-kit-preview-extra loaded
2018-03-22T08:27:23.751Z - success: ui-kit-preview loaded
2018-03-22T08:27:23.752Z - success: ui-tree loaded
2018-03-22T08:27:24.743Z - normal: Initializing project E:\github\MusicGame20180312\BaMao
2018-03-22T08:27:24.746Z - normal: Loading packages
2018-03-22T08:27:24.750Z - normal: Watching packages
2018-03-22T08:27:24.760Z - normal: Run Application
2018-03-22T08:27:25.224Z - failed: [db-task][init] uuid collision, the uuid for E:\github\MusicGame20180312\BaMao\assets\resources\runGame\res\bgm\game1.ogg is already in used by E:\github\MusicGame20180312\BaMao\assets\resources\baMaoGame\res\bgm\game1.ogg. Assigning a new uuid.
2018-03-22T08:27:25.224Z - failed: [db-task][init] uuid collision, the uuid for E:\github\MusicGame20180312\BaMao\assets\resources\runGame\res\bgm\game1.wav is already in used by E:\github\MusicGame20180312\BaMao\assets\resources\baMaoGame\res\bgm\game1.wav. Assigning a new uuid.
2018-03-22T08:27:25.224Z - failed: [db-task][init] uuid collision, the uuid for E:\github\MusicGame20180312\BaMao\assets\resources\runGame\res\config\All.csv is already in used by E:\github\MusicGame20180312\BaMao\assets\resources\baMaoGame\res\config\All.csv. Assigning a new uuid.
2018-03-22T08:27:25.225Z - failed: [db-task][init] uuid collision, the uuid for E:\github\MusicGame20180312\BaMao\assets\resources\runGame\res\config\Level.csv is already in used by E:\github\MusicGame20180312\BaMao\assets\resources\baMaoGame\res\config\Level.csv. Assigning a new uuid.
2018-03-22T08:27:25.225Z - failed: [db-task][init] uuid collision, the uuid for E:\github\MusicGame20180312\BaMao\assets\resources\runGame\res\music\good.wav is already in used by E:\github\MusicGame20180312\BaMao\assets\resources\baMaoGame\res\music\good.wav. Assigning a new uuid.
2018-03-22T08:27:25.225Z - failed: [db-task][init] uuid collision, the uuid for E:\github\MusicGame20180312\BaMao\assets\resources\runGame\res\music\miss.wav is already in used by E:\github\MusicGame20180312\BaMao\assets\resources\baMaoGame\res\music\miss.wav. Assigning a new uuid.
2018-03-22T08:27:25.225Z - failed: [db-task][init] uuid collision, the uuid for E:\github\MusicGame20180312\BaMao\assets\resources\runGame\res\music\perfect.wav is already in used by E:\github\MusicGame20180312\BaMao\assets\resources\baMaoGame\res\music\perfect.wav. Assigning a new uuid.
2018-03-22T08:27:25.226Z - failed: [db-task][init] uuid collision, the uuid for E:\github\MusicGame20180312\BaMao\assets\resources\runGame\res\music\readygo.mp3 is already in used by E:\github\MusicGame20180312\BaMao\assets\resources\baMaoGame\res\music\readygo.mp3. Assigning a new uuid.
2018-03-22T08:27:25.226Z - failed: [db-task][init] uuid collision, the uuid for E:\github\MusicGame20180312\BaMao\assets\resources\runGame\res\music\tip.wav is already in used by E:\github\MusicGame20180312\BaMao\assets\resources\baMaoGame\res\music\tip.wav. Assigning a new uuid.
2018-03-22T08:27:25.226Z - failed: [db-task][init] uuid collision, the uuid for E:\github\MusicGame20180312\BaMao\assets\resources\runGame\res\texture\background is already in used by E:\github\MusicGame20180312\BaMao\assets\resources\baMaoGame\res\textures\background. Assigning a new uuid.
2018-03-22T08:27:25.226Z - failed: [db-task][init] uuid collision, the uuid for E:\github\MusicGame20180312\BaMao\assets\resources\runGame\res\texture\background\back1.png is already in used by E:\github\MusicGame20180312\BaMao\assets\resources\baMaoGame\res\textures\background\back1.png. Assigning a new uuid.
2018-03-22T08:27:25.226Z - failed: [db-task][init] uuid collision, the uuid for E:\github\MusicGame20180312\BaMao\assets\resources\runGame\res\texture\background\back1.png\back1 is already in used by E:\github\MusicGame20180312\BaMao\assets\resources\baMaoGame\res\textures\background\back1.png\back1. Assigning a new uuid.
2018-03-22T08:27:25.226Z - failed: [db-task][init] uuid collision, the uuid for E:\github\MusicGame20180312\BaMao\assets\resources\runGame\res\texture\background\back2.png is already in used by E:\github\MusicGame20180312\BaMao\assets\resources\baMaoGame\res\textures\background\back2.png. Assigning a new uuid.
2018-03-22T08:27:25.226Z - failed: [db-task][init] uuid collision, the uuid for E:\github\MusicGame20180312\BaMao\assets\resources\runGame\res\texture\background\back2.png\back2 is already in used by E:\github\MusicGame20180312\BaMao\assets\resources\baMaoGame\res\textures\background\back2.png\back2. Assigning a new uuid.
2018-03-22T08:27:25.227Z - failed: [db-task][init] uuid collision, the uuid for E:\github\MusicGame20180312\BaMao\assets\resources\runGame\res\texture\background\back3.png is already in used by E:\github\MusicGame20180312\BaMao\assets\resources\baMaoGame\res\textures\background\back3.png. Assigning a new uuid.
2018-03-22T08:27:25.227Z - failed: [db-task][init] uuid collision, the uuid for E:\github\MusicGame20180312\BaMao\assets\resources\runGame\res\texture\background\back3.png\back3 is already in used by E:\github\MusicGame20180312\BaMao\assets\resources\baMaoGame\res\textures\background\back3.png\back3. Assigning a new uuid.
2018-03-22T08:27:25.227Z - failed: [db-task][init] uuid collision, the uuid for E:\github\MusicGame20180312\BaMao\assets\resources\runGame\res\texture\band.png is already in used by E:\github\MusicGame20180312\BaMao\assets\resources\baMaoGame\res\textures\band.png. Assigning a new uuid.
2018-03-22T08:27:25.227Z - failed: [db-task][init] uuid collision, the uuid for E:\github\MusicGame20180312\BaMao\assets\resources\runGame\res\texture\band.png\band is already in used by E:\github\MusicGame20180312\BaMao\assets\resources\baMaoGame\res\textures\band.png\band. Assigning a new uuid.
2018-03-22T08:27:25.227Z - failed: [db-task][init] uuid collision, the uuid for E:\github\MusicGame20180312\BaMao\assets\resources\runGame\res\texture\cut.png is already in used by E:\github\MusicGame20180312\BaMao\assets\resources\baMaoGame\res\textures\cut.png. Assigning a new uuid.
2018-03-22T08:27:25.227Z - failed: [db-task][init] uuid collision, the uuid for E:\github\MusicGame20180312\BaMao\assets\resources\runGame\res\texture\cut.png\cut is already in used by E:\github\MusicGame20180312\BaMao\assets\resources\baMaoGame\res\textures\cut.png\cut. Assigning a new uuid.
2018-03-22T08:27:25.227Z - failed: [db-task][init] uuid collision, the uuid for E:\github\MusicGame20180312\BaMao\assets\resources\runGame\res\texture\doctorHand.png is already in used by E:\github\MusicGame20180312\BaMao\assets\resources\baMaoGame\res\textures\doctorHand.png. Assigning a new uuid.
2018-03-22T08:27:25.227Z - failed: [db-task][init] uuid collision, the uuid for E:\github\MusicGame20180312\BaMao\assets\resources\runGame\res\texture\doctorHand.png\doctorHand is already in used by E:\github\MusicGame20180312\BaMao\assets\resources\baMaoGame\res\textures\doctorHand.png\doctorHand. Assigning a new uuid.
2018-03-22T08:27:25.227Z - failed: [db-task][init] uuid collision, the uuid for E:\github\MusicGame20180312\BaMao\assets\resources\runGame\res\texture\effect is already in used by E:\github\MusicGame20180312\BaMao\assets\resources\baMaoGame\res\textures\effect. Assigning a new uuid.
2018-03-22T08:27:25.227Z - failed: [db-task][init] uuid collision, the uuid for E:\github\MusicGame20180312\BaMao\assets\resources\runGame\res\texture\effect\jl0001.png is already in used by E:\github\MusicGame20180312\BaMao\assets\resources\baMaoGame\res\textures\effect\jl0001.png. Assigning a new uuid.
2018-03-22T08:27:25.227Z - failed: [db-task][init] uuid collision, the uuid for E:\github\MusicGame20180312\BaMao\assets\resources\runGame\res\texture\effect\jl0001.png\jl0001 is already in used by E:\github\MusicGame20180312\BaMao\assets\resources\baMaoGame\res\textures\effect\jl0001.png\jl0001. Assigning a new uuid.
2018-03-22T08:27:25.227Z - failed: [db-task][init] uuid collision, the uuid for E:\github\MusicGame20180312\BaMao\assets\resources\runGame\res\texture\effect\jl0002.png is already in used by E:\github\MusicGame20180312\BaMao\assets\resources\baMaoGame\res\textures\effect\jl0002.png. Assigning a new uuid.
2018-03-22T08:27:25.227Z - failed: [db-task][init] uuid collision, the uuid for E:\github\MusicGame20180312\BaMao\assets\resources\runGame\res\texture\effect\jl0002.png\jl0002 is already in used by E:\github\MusicGame20180312\BaMao\assets\resources\baMaoGame\res\textures\effect\jl0002.png\jl0002. Assigning a new uuid.
2018-03-22T08:27:25.227Z - failed: [db-task][init] uuid collision, the uuid for E:\github\MusicGame20180312\BaMao\assets\resources\runGame\res\texture\effect\jl0003.png is already in used by E:\github\MusicGame20180312\BaMao\assets\resources\baMaoGame\res\textures\effect\jl0003.png. Assigning a new uuid.
2018-03-22T08:27:25.228Z - failed: [db-task][init] uuid collision, the uuid for E:\github\MusicGame20180312\BaMao\assets\resources\runGame\res\texture\effect\jl0003.png\jl0003 is already in used by E:\github\MusicGame20180312\BaMao\assets\resources\baMaoGame\res\textures\effect\jl0003.png\jl0003. Assigning a new uuid.
2018-03-22T08:27:25.228Z - failed: [db-task][init] uuid collision, the uuid for E:\github\MusicGame20180312\BaMao\assets\resources\runGame\res\texture\effect\jl0004.png is already in used by E:\github\MusicGame20180312\BaMao\assets\resources\baMaoGame\res\textures\effect\jl0004.png. Assigning a new uuid.
2018-03-22T08:27:25.228Z - failed: [db-task][init] uuid collision, the uuid for E:\github\MusicGame20180312\BaMao\assets\resources\runGame\res\texture\effect\jl0004.png\jl0004 is already in used by E:\github\MusicGame20180312\BaMao\assets\resources\baMaoGame\res\textures\effect\jl0004.png\jl0004. Assigning a new uuid.
2018-03-22T08:27:25.228Z - failed: [db-task][init] uuid collision, the uuid for E:\github\MusicGame20180312\BaMao\assets\resources\runGame\res\texture\effect\jl0005.png is already in used by E:\github\MusicGame20180312\BaMao\assets\resources\baMaoGame\res\textures\effect\jl0005.png. Assigning a new uuid.
2018-03-22T08:27:25.228Z - failed: [db-task][init] uuid collision, the uuid for E:\github\MusicGame20180312\BaMao\assets\resources\runGame\res\texture\effect\jl0005.png\jl0005 is already in used by E:\github\MusicGame20180312\BaMao\assets\resources\baMaoGame\res\textures\effect\jl0005.png\jl0005. Assigning a new uuid.
2018-03-22T08:27:25.228Z - failed: [db-task][init] uuid collision, the uuid for E:\github\MusicGame20180312\BaMao\assets\resources\runGame\res\texture\effect\jl0006.png is already in used by E:\github\MusicGame20180312\BaMao\assets\resources\baMaoGame\res\textures\effect\jl0006.png. Assigning a new uuid.
2018-03-22T08:27:25.228Z - failed: [db-task][init] uuid collision, the uuid for E:\github\MusicGame20180312\BaMao\assets\resources\runGame\res\texture\effect\jl0006.png\jl0006 is already in used by E:\github\MusicGame20180312\BaMao\assets\resources\baMaoGame\res\textures\effect\jl0006.png\jl0006. Assigning a new uuid.
2018-03-22T08:27:25.228Z - failed: [db-task][init] uuid collision, the uuid for E:\github\MusicGame20180312\BaMao\assets\resources\runGame\res\texture\effect\jl0007.png is already in used by E:\github\MusicGame20180312\BaMao\assets\resources\baMaoGame\res\textures\effect\jl0007.png. Assigning a new uuid.
2018-03-22T08:27:25.228Z - failed: [db-task][init] uuid collision, the uuid for E:\github\MusicGame20180312\BaMao\assets\resources\runGame\res\texture\effect\jl0007.png\jl0007 is already in used by E:\github\MusicGame20180312\BaMao\assets\resources\baMaoGame\res\textures\effect\jl0007.png\jl0007. Assigning a new uuid.
2018-03-22T08:27:25.228Z - failed: [db-task][init] uuid collision, the uuid for E:\github\MusicGame20180312\BaMao\assets\resources\runGame\res\texture\effect\jl0008.png is already in used by E:\github\MusicGame20180312\BaMao\assets\resources\baMaoGame\res\textures\effect\jl0008.png. Assigning a new uuid.
2018-03-22T08:27:25.229Z - failed: [db-task][init] uuid collision, the uuid for E:\github\MusicGame20180312\BaMao\assets\resources\runGame\res\texture\effect\jl0008.png\jl0008 is already in used by E:\github\MusicGame20180312\BaMao\assets\resources\baMaoGame\res\textures\effect\jl0008.png\jl0008. Assigning a new uuid.
2018-03-22T08:27:25.229Z - failed: [db-task][init] uuid collision, the uuid for E:\github\MusicGame20180312\BaMao\assets\resources\runGame\res\texture\effect\jl0009.png is already in used by E:\github\MusicGame20180312\BaMao\assets\resources\baMaoGame\res\textures\effect\jl0009.png. Assigning a new uuid.
2018-03-22T08:27:25.229Z - failed: [db-task][init] uuid collision, the uuid for E:\github\MusicGame20180312\BaMao\assets\resources\runGame\res\texture\effect\jl0009.png\jl0009 is already in used by E:\github\MusicGame20180312\BaMao\assets\resources\baMaoGame\res\textures\effect\jl0009.png\jl0009. Assigning a new uuid.
2018-03-22T08:27:25.229Z - failed: [db-task][init] uuid collision, the uuid for E:\github\MusicGame20180312\BaMao\assets\resources\runGame\res\texture\effect\jl0010.png is already in used by E:\github\MusicGame20180312\BaMao\assets\resources\baMaoGame\res\textures\effect\jl0010.png. Assigning a new uuid.
2018-03-22T08:27:25.229Z - failed: [db-task][init] uuid collision, the uuid for E:\github\MusicGame20180312\BaMao\assets\resources\runGame\res\texture\effect\jl0010.png\jl0010 is already in used by E:\github\MusicGame20180312\BaMao\assets\resources\baMaoGame\res\textures\effect\jl0010.png\jl0010. Assigning a new uuid.
2018-03-22T08:27:25.229Z - failed: [db-task][init] uuid collision, the uuid for E:\github\MusicGame20180312\BaMao\assets\resources\runGame\res\texture\effect\jl0011.png is already in used by E:\github\MusicGame20180312\BaMao\assets\resources\baMaoGame\res\textures\effect\jl0011.png. Assigning a new uuid.
2018-03-22T08:27:25.229Z - failed: [db-task][init] uuid collision, the uuid for E:\github\MusicGame20180312\BaMao\assets\resources\runGame\res\texture\effect\jl0011.png\jl0011 is already in used by E:\github\MusicGame20180312\BaMao\assets\resources\baMaoGame\res\textures\effect\jl0011.png\jl0011. Assigning a new uuid.
2018-03-22T08:27:25.229Z - failed: [db-task][init] uuid collision, the uuid for E:\github\MusicGame20180312\BaMao\assets\resources\runGame\res\texture\effect\jl0012.png is already in used by E:\github\MusicGame20180312\BaMao\assets\resources\baMaoGame\res\textures\effect\jl0012.png. Assigning a new uuid.
2018-03-22T08:27:25.229Z - failed: [db-task][init] uuid collision, the uuid for E:\github\MusicGame20180312\BaMao\assets\resources\runGame\res\texture\effect\jl0012.png\jl0012 is already in used by E:\github\MusicGame20180312\BaMao\assets\resources\baMaoGame\res\textures\effect\jl0012.png\jl0012. Assigning a new uuid.
2018-03-22T08:27:25.229Z - failed: [db-task][init] uuid collision, the uuid for E:\github\MusicGame20180312\BaMao\assets\resources\runGame\res\texture\effect\jl0013.png is already in used by E:\github\MusicGame20180312\BaMao\assets\resources\baMaoGame\res\textures\effect\jl0013.png. Assigning a new uuid.
2018-03-22T08:27:25.229Z - failed: [db-task][init] uuid collision, the uuid for E:\github\MusicGame20180312\BaMao\assets\resources\runGame\res\texture\effect\jl0013.png\jl0013 is already in used by E:\github\MusicGame20180312\BaMao\assets\resources\baMaoGame\res\textures\effect\jl0013.png\jl0013. Assigning a new uuid.
2018-03-22T08:27:25.229Z - failed: [db-task][init] uuid collision, the uuid for E:\github\MusicGame20180312\BaMao\assets\resources\runGame\res\texture\effect\jl0014.png is already in used by E:\github\MusicGame20180312\BaMao\assets\resources\baMaoGame\res\textures\effect\jl0014.png. Assigning a new uuid.
2018-03-22T08:27:25.229Z - failed: [db-task][init] uuid collision, the uuid for E:\github\MusicGame20180312\BaMao\assets\resources\runGame\res\texture\effect\jl0014.png\jl0014 is already in used by E:\github\MusicGame20180312\BaMao\assets\resources\baMaoGame\res\textures\effect\jl0014.png\jl0014. Assigning a new uuid.
2018-03-22T08:27:25.229Z - failed: [db-task][init] uuid collision, the uuid for E:\github\MusicGame20180312\BaMao\assets\resources\runGame\res\texture\effect\jl0015.png is already in used by E:\github\MusicGame20180312\BaMao\assets\resources\baMaoGame\res\textures\effect\jl0015.png. Assigning a new uuid.
2018-03-22T08:27:25.230Z - failed: [db-task][init] uuid collision, the uuid for E:\github\MusicGame20180312\BaMao\assets\resources\runGame\res\texture\effect\jl0015.png\jl0015 is already in used by E:\github\MusicGame20180312\BaMao\assets\resources\baMaoGame\res\textures\effect\jl0015.png\jl0015. Assigning a new uuid.
2018-03-22T08:27:25.230Z - failed: [db-task][init] uuid collision, the uuid for E:\github\MusicGame20180312\BaMao\assets\resources\runGame\res\texture\effect\jl0016.png is already in used by E:\github\MusicGame20180312\BaMao\assets\resources\baMaoGame\res\textures\effect\jl0016.png. Assigning a new uuid.
2018-03-22T08:27:25.230Z - failed: [db-task][init] uuid collision, the uuid for E:\github\MusicGame20180312\BaMao\assets\resources\runGame\res\texture\effect\jl0016.png\jl0016 is already in used by E:\github\MusicGame20180312\BaMao\assets\resources\baMaoGame\res\textures\effect\jl0016.png\jl0016. Assigning a new uuid.
2018-03-22T08:27:25.230Z - failed: [db-task][init] uuid collision, the uuid for E:\github\MusicGame20180312\BaMao\assets\resources\runGame\res\texture\face is already in used by E:\github\MusicGame20180312\BaMao\assets\resources\baMaoGame\res\textures\face. Assigning a new uuid.
2018-03-22T08:27:25.230Z - failed: [db-task][init] uuid collision, the uuid for E:\github\MusicGame20180312\BaMao\assets\resources\runGame\res\texture\face\good.png is already in used by E:\github\MusicGame20180312\BaMao\assets\resources\baMaoGame\res\textures\face\good.png. Assigning a new uuid.
2018-03-22T08:27:25.230Z - failed: [db-task][init] uuid collision, the uuid for E:\github\MusicGame20180312\BaMao\assets\resources\runGame\res\texture\face\good.png\good is already in used by E:\github\MusicGame20180312\BaMao\assets\resources\baMaoGame\res\textures\face\good.png\good. Assigning a new uuid.
2018-03-22T08:27:25.230Z - failed: [db-task][init] uuid collision, the uuid for E:\github\MusicGame20180312\BaMao\assets\resources\runGame\res\texture\face\miss.png is already in used by E:\github\MusicGame20180312\BaMao\assets\resources\baMaoGame\res\textures\face\miss.png. Assigning a new uuid.
2018-03-22T08:27:25.230Z - failed: [db-task][init] uuid collision, the uuid for E:\github\MusicGame20180312\BaMao\assets\resources\runGame\res\texture\face\miss.png\miss is already in used by E:\github\MusicGame20180312\BaMao\assets\resources\baMaoGame\res\textures\face\miss.png\miss. Assigning a new uuid.
2018-03-22T08:27:25.230Z - failed: [db-task][init] uuid collision, the uuid for E:\github\MusicGame20180312\BaMao\assets\resources\runGame\res\texture\face\normal.png is already in used by E:\github\MusicGame20180312\BaMao\assets\resources\baMaoGame\res\textures\face\normal.png. Assigning a new uuid.
2018-03-22T08:27:25.230Z - failed: [db-task][init] uuid collision, the uuid for E:\github\MusicGame20180312\BaMao\assets\resources\runGame\res\texture\face\normal.png\normal is already in used by E:\github\MusicGame20180312\BaMao\assets\resources\baMaoGame\res\textures\face\normal.png\normal. Assigning a new uuid.
2018-03-22T08:27:25.230Z - failed: [db-task][init] uuid collision, the uuid for E:\github\MusicGame20180312\BaMao\assets\resources\runGame\res\texture\face\perfect.png is already in used by E:\github\MusicGame20180312\BaMao\assets\resources\baMaoGame\res\textures\face\perfect.png. Assigning a new uuid.
2018-03-22T08:27:25.230Z - failed: [db-task][init] uuid collision, the uuid for E:\github\MusicGame20180312\BaMao\assets\resources\runGame\res\texture\face\perfect.png\perfect is already in used by E:\github\MusicGame20180312\BaMao\assets\resources\baMaoGame\res\textures\face\perfect.png\perfect. Assigning a new uuid.
2018-03-22T08:27:25.230Z - failed: [db-task][init] uuid collision, the uuid for E:\github\MusicGame20180312\BaMao\assets\resources\runGame\res\texture\face\result1.png is already in used by E:\github\MusicGame20180312\BaMao\assets\resources\baMaoGame\res\textures\face\result1.png. Assigning a new uuid.
2018-03-22T08:27:25.230Z - failed: [db-task][init] uuid collision, the uuid for E:\github\MusicGame20180312\BaMao\assets\resources\runGame\res\texture\face\result1.png\result1 is already in used by E:\github\MusicGame20180312\BaMao\assets\resources\baMaoGame\res\textures\face\result1.png\result1. Assigning a new uuid.
2018-03-22T08:27:25.231Z - failed: [db-task][init] uuid collision, the uuid for E:\github\MusicGame20180312\BaMao\assets\resources\runGame\res\texture\face\result2.png is already in used by E:\github\MusicGame20180312\BaMao\assets\resources\baMaoGame\res\textures\face\result2.png. Assigning a new uuid.
2018-03-22T08:27:25.231Z - failed: [db-task][init] uuid collision, the uuid for E:\github\MusicGame20180312\BaMao\assets\resources\runGame\res\texture\face\result2.png\result2 is already in used by E:\github\MusicGame20180312\BaMao\assets\resources\baMaoGame\res\textures\face\result2.png\result2. Assigning a new uuid.
2018-03-22T08:27:25.231Z - failed: [db-task][init] uuid collision, the uuid for E:\github\MusicGame20180312\BaMao\assets\resources\runGame\res\texture\face\result3.png is already in used by E:\github\MusicGame20180312\BaMao\assets\resources\baMaoGame\res\textures\face\result3.png. Assigning a new uuid.
2018-03-22T08:27:25.231Z - failed: [db-task][init] uuid collision, the uuid for E:\github\MusicGame20180312\BaMao\assets\resources\runGame\res\texture\face\result3.png\result3 is already in used by E:\github\MusicGame20180312\BaMao\assets\resources\baMaoGame\res\textures\face\result3.png\result3. Assigning a new uuid.
2018-03-22T08:27:25.231Z - failed: [db-task][init] uuid collision, the uuid for E:\github\MusicGame20180312\BaMao\assets\resources\runGame\res\texture\monster.png is already in used by E:\github\MusicGame20180312\BaMao\assets\resources\baMaoGame\res\textures\monster.png. Assigning a new uuid.
2018-03-22T08:27:25.231Z - failed: [db-task][init] uuid collision, the uuid for E:\github\MusicGame20180312\BaMao\assets\resources\runGame\res\texture\monster.png\monster is already in used by E:\github\MusicGame20180312\BaMao\assets\resources\baMaoGame\res\textures\monster.png\monster. Assigning a new uuid.
2018-03-22T08:27:25.231Z - failed: [db-task][init] uuid collision, the uuid for E:\github\MusicGame20180312\BaMao\assets\resources\runGame\res\texture\monsterHand.png is already in used by E:\github\MusicGame20180312\BaMao\assets\resources\baMaoGame\res\textures\monsterHand.png. Assigning a new uuid.
2018-03-22T08:27:25.231Z - failed: [db-task][init] uuid collision, the uuid for E:\github\MusicGame20180312\BaMao\assets\resources\runGame\res\texture\monsterHand.png\monsterHand is already in used by E:\github\MusicGame20180312\BaMao\assets\resources\baMaoGame\res\textures\monsterHand.png\monsterHand. Assigning a new uuid.
2018-03-22T08:27:25.231Z - failed: [db-task][init] uuid collision, the uuid for E:\github\MusicGame20180312\BaMao\assets\resources\runGame\res\texture\role is already in used by E:\github\MusicGame20180312\BaMao\assets\resources\baMaoGame\res\textures\role. Assigning a new uuid.
2018-03-22T08:27:25.231Z - failed: [db-task][init] uuid collision, the uuid for E:\github\MusicGame20180312\BaMao\assets\resources\runGame\res\texture\role\role1.png is already in used by E:\github\MusicGame20180312\BaMao\assets\resources\baMaoGame\res\textures\role\role1.png. Assigning a new uuid.
2018-03-22T08:27:25.232Z - failed: [db-task][init] uuid collision, the uuid for E:\github\MusicGame20180312\BaMao\assets\resources\runGame\res\texture\role\role1.png\role1 is already in used by E:\github\MusicGame20180312\BaMao\assets\resources\baMaoGame\res\textures\role\role1.png\role1. Assigning a new uuid.
2018-03-22T08:27:25.232Z - failed: [db-task][init] uuid collision, the uuid for E:\github\MusicGame20180312\BaMao\assets\resources\runGame\res\texture\role\role2.png is already in used by E:\github\MusicGame20180312\BaMao\assets\resources\baMaoGame\res\textures\role\role2.png. Assigning a new uuid.
2018-03-22T08:27:25.232Z - failed: [db-task][init] uuid collision, the uuid for E:\github\MusicGame20180312\BaMao\assets\resources\runGame\res\texture\role\role2.png\role2 is already in used by E:\github\MusicGame20180312\BaMao\assets\resources\baMaoGame\res\textures\role\role2.png\role2. Assigning a new uuid.
2018-03-22T08:27:25.232Z - failed: [db-task][init] uuid collision, the uuid for E:\github\MusicGame20180312\BaMao\assets\resources\runGame\res\texture\role\role3.png is already in used by E:\github\MusicGame20180312\BaMao\assets\resources\baMaoGame\res\textures\role\role3.png. Assigning a new uuid.
2018-03-22T08:27:25.233Z - failed: [db-task][init] uuid collision, the uuid for E:\github\MusicGame20180312\BaMao\assets\resources\runGame\res\texture\role\role3.png\role3 is already in used by E:\github\MusicGame20180312\BaMao\assets\resources\baMaoGame\res\textures\role\role3.png\role3. Assigning a new uuid.
2018-03-22T08:27:25.233Z - failed: [db-task][init] uuid collision, the uuid for E:\github\MusicGame20180312\BaMao\assets\resources\runGame\res\textures\background is already in used by E:\github\MusicGame20180312\BaMao\assets\resources\runGame\res\texture\background. Assigning a new uuid.
2018-03-22T08:27:25.233Z - failed: [db-task][init] uuid collision, the uuid for E:\github\MusicGame20180312\BaMao\assets\resources\runGame\res\textures\background\back1.png is already in used by E:\github\MusicGame20180312\BaMao\assets\resources\runGame\res\texture\background\back1.png. Assigning a new uuid.
2018-03-22T08:27:25.233Z - failed: [db-task][init] uuid collision, the uuid for E:\github\MusicGame20180312\BaMao\assets\resources\runGame\res\textures\background\back1.png\back1 is already in used by E:\github\MusicGame20180312\BaMao\assets\resources\runGame\res\texture\background\back1.png\back1. Assigning a new uuid.
2018-03-22T08:27:25.233Z - failed: [db-task][init] uuid collision, the uuid for E:\github\MusicGame20180312\BaMao\assets\resources\runGame\res\textures\background\back2.png is already in used by E:\github\MusicGame20180312\BaMao\assets\resources\runGame\res\texture\background\back2.png. Assigning a new uuid.
2018-03-22T08:27:25.233Z - failed: [db-task][init] uuid collision, the uuid for E:\github\MusicGame20180312\BaMao\assets\resources\runGame\res\textures\background\back2.png\back2 is already in used by E:\github\MusicGame20180312\BaMao\assets\resources\runGame\res\texture\background\back2.png\back2. Assigning a new uuid.
2018-03-22T08:27:25.233Z - failed: [db-task][init] uuid collision, the uuid for E:\github\MusicGame20180312\BaMao\assets\resources\runGame\res\textures\background\back3.png is already in used by E:\github\MusicGame20180312\BaMao\assets\resources\runGame\res\texture\background\back3.png. Assigning a new uuid.
2018-03-22T08:27:25.233Z - failed: [db-task][init] uuid collision, the uuid for E:\github\MusicGame20180312\BaMao\assets\resources\runGame\res\textures\background\back3.png\back3 is already in used by E:\github\MusicGame20180312\BaMao\assets\resources\runGame\res\texture\background\back3.png\back3. Assigning a new uuid.
2018-03-22T08:27:25.233Z - failed: [db-task][init] uuid collision, the uuid for E:\github\MusicGame20180312\BaMao\assets\resources\runGame\res\textures\effect is already in used by E:\github\MusicGame20180312\BaMao\assets\resources\runGame\res\texture\effect. Assigning a new uuid.
2018-03-22T08:27:25.234Z - failed: [db-task][init] uuid collision, the uuid for E:\github\MusicGame20180312\BaMao\assets\resources\runGame\res\textures\effect\addTime is already in used by E:\github\MusicGame20180312\BaMao\assets\resources\crg\res\textures\effect\addTime. Assigning a new uuid.
2018-03-22T08:27:25.234Z - failed: [db-task][init] uuid collision, the uuid for E:\github\MusicGame20180312\BaMao\assets\resources\runGame\res\textures\effect\addTime\Gather1.png is already in used by E:\github\MusicGame20180312\BaMao\assets\resources\crg\res\textures\effect\addTime\Gather1.png. Assigning a new uuid.
2018-03-22T08:27:25.234Z - failed: [db-task][init] uuid collision, the uuid for E:\github\MusicGame20180312\BaMao\assets\resources\runGame\res\textures\effect\addTime\Gather1.png\Gather1 is already in used by E:\github\MusicGame20180312\BaMao\assets\resources\crg\res\textures\effect\addTime\Gather1.png\Gather1. Assigning a new uuid.
2018-03-22T08:27:25.234Z - failed: [db-task][init] uuid collision, the uuid for E:\github\MusicGame20180312\BaMao\assets\resources\runGame\res\textures\effect\addTime\Gather2.png is already in used by E:\github\MusicGame20180312\BaMao\assets\resources\crg\res\textures\effect\addTime\Gather2.png. Assigning a new uuid.
2018-03-22T08:27:25.234Z - failed: [db-task][init] uuid collision, the uuid for E:\github\MusicGame20180312\BaMao\assets\resources\runGame\res\textures\effect\addTime\Gather2.png\Gather2 is already in used by E:\github\MusicGame20180312\BaMao\assets\resources\crg\res\textures\effect\addTime\Gather2.png\Gather2. Assigning a new uuid.
2018-03-22T08:27:25.234Z - failed: [db-task][init] uuid collision, the uuid for E:\github\MusicGame20180312\BaMao\assets\resources\runGame\res\textures\effect\addTime\Gather3.png is already in used by E:\github\MusicGame20180312\BaMao\assets\resources\crg\res\textures\effect\addTime\Gather3.png. Assigning a new uuid.
2018-03-22T08:27:25.234Z - failed: [db-task][init] uuid collision, the uuid for E:\github\MusicGame20180312\BaMao\assets\resources\runGame\res\textures\effect\addTime\Gather3.png\Gather3 is already in used by E:\github\MusicGame20180312\BaMao\assets\resources\crg\res\textures\effect\addTime\Gather3.png\Gather3. Assigning a new uuid.
2018-03-22T08:27:25.234Z - failed: [db-task][init] uuid collision, the uuid for E:\github\MusicGame20180312\BaMao\assets\resources\runGame\res\textures\effect\addTime\Gather4.png is already in used by E:\github\MusicGame20180312\BaMao\assets\resources\crg\res\textures\effect\addTime\Gather4.png. Assigning a new uuid.
2018-03-22T08:27:25.234Z - failed: [db-task][init] uuid collision, the uuid for E:\github\MusicGame20180312\BaMao\assets\resources\runGame\res\textures\effect\addTime\Gather4.png\Gather4 is already in used by E:\github\MusicGame20180312\BaMao\assets\resources\crg\res\textures\effect\addTime\Gather4.png\Gather4. Assigning a new uuid.
2018-03-22T08:27:25.234Z - failed: [db-task][init] uuid collision, the uuid for E:\github\MusicGame20180312\BaMao\assets\resources\runGame\res\textures\effect\addTime\Gather5.png is already in used by E:\github\MusicGame20180312\BaMao\assets\resources\crg\res\textures\effect\addTime\Gather5.png. Assigning a new uuid.
2018-03-22T08:27:25.234Z - failed: [db-task][init] uuid collision, the uuid for E:\github\MusicGame20180312\BaMao\assets\resources\runGame\res\textures\effect\addTime\Gather5.png\Gather5 is already in used by E:\github\MusicGame20180312\BaMao\assets\resources\crg\res\textures\effect\addTime\Gather5.png\Gather5. Assigning a new uuid.
2018-03-22T08:27:25.234Z - failed: [db-task][init] uuid collision, the uuid for E:\github\MusicGame20180312\BaMao\assets\resources\runGame\res\textures\effect\addTime\Gather6.png is already in used by E:\github\MusicGame20180312\BaMao\assets\resources\crg\res\textures\effect\addTime\Gather6.png. Assigning a new uuid.
2018-03-22T08:27:25.234Z - failed: [db-task][init] uuid collision, the uuid for E:\github\MusicGame20180312\BaMao\assets\resources\runGame\res\textures\effect\addTime\Gather6.png\Gather6 is already in used by E:\github\MusicGame20180312\BaMao\assets\resources\crg\res\textures\effect\addTime\Gather6.png\Gather6. Assigning a new uuid.
2018-03-22T08:27:25.234Z - failed: [db-task][init] uuid collision, the uuid for E:\github\MusicGame20180312\BaMao\assets\resources\runGame\res\textures\effect\addTime\Gather7.png is already in used by E:\github\MusicGame20180312\BaMao\assets\resources\crg\res\textures\effect\addTime\Gather7.png. Assigning a new uuid.
2018-03-22T08:27:25.234Z - failed: [db-task][init] uuid collision, the uuid for E:\github\MusicGame20180312\BaMao\assets\resources\runGame\res\textures\effect\addTime\Gather7.png\Gather7 is already in used by E:\github\MusicGame20180312\BaMao\assets\resources\crg\res\textures\effect\addTime\Gather7.png\Gather7. Assigning a new uuid.
2018-03-22T08:27:25.235Z - failed: [db-task][init] uuid collision, the uuid for E:\github\MusicGame20180312\BaMao\assets\resources\runGame\res\textures\effect\addTime\Gather8.png is already in used by E:\github\MusicGame20180312\BaMao\assets\resources\crg\res\textures\effect\addTime\Gather8.png. Assigning a new uuid.
2018-03-22T08:27:25.235Z - failed: [db-task][init] uuid collision, the uuid for E:\github\MusicGame20180312\BaMao\assets\resources\runGame\res\textures\effect\addTime\Gather8.png\Gather8 is already in used by E:\github\MusicGame20180312\BaMao\assets\resources\crg\res\textures\effect\addTime\Gather8.png\Gather8. Assigning a new uuid.
2018-03-22T08:27:25.235Z - failed: [db-task][init] uuid collision, the uuid for E:\github\MusicGame20180312\BaMao\assets\resources\runGame\res\textures\effect\addTime\Gather9.png is already in used by E:\github\MusicGame20180312\BaMao\assets\resources\crg\res\textures\effect\addTime\Gather9.png. Assigning a new uuid.
2018-03-22T08:27:25.235Z - failed: [db-task][init] uuid collision, the uuid for E:\github\MusicGame20180312\BaMao\assets\resources\runGame\res\textures\effect\addTime\Gather9.png\Gather9 is already in used by E:\github\MusicGame20180312\BaMao\assets\resources\crg\res\textures\effect\addTime\Gather9.png\Gather9. Assigning a new uuid.
2018-03-22T08:27:25.235Z - failed: [db-task][init] uuid collision, the uuid for E:\github\MusicGame20180312\BaMao\assets\resources\runGame\res\textures\effect\good is already in used by E:\github\MusicGame20180312\BaMao\assets\resources\crg\res\textures\effect\good. Assigning a new uuid.
2018-03-22T08:27:25.235Z - failed: [db-task][init] uuid collision, the uuid for E:\github\MusicGame20180312\BaMao\assets\resources\runGame\res\textures\effect\good\dead01.png is already in used by E:\github\MusicGame20180312\BaMao\assets\resources\crg\res\textures\effect\good\dead01.png. Assigning a new uuid.
2018-03-22T08:27:25.235Z - failed: [db-task][init] uuid collision, the uuid for E:\github\MusicGame20180312\BaMao\assets\resources\runGame\res\textures\effect\good\dead01.png\dead01 is already in used by E:\github\MusicGame20180312\BaMao\assets\resources\crg\res\textures\effect\good\dead01.png\dead01. Assigning a new uuid.
2018-03-22T08:27:25.235Z - failed: [db-task][init] uuid collision, the uuid for E:\github\MusicGame20180312\BaMao\assets\resources\runGame\res\textures\effect\good\dead02.png is already in used by E:\github\MusicGame20180312\BaMao\assets\resources\crg\res\textures\effect\good\dead02.png. Assigning a new uuid.
2018-03-22T08:27:25.235Z - failed: [db-task][init] uuid collision, the uuid for E:\github\MusicGame20180312\BaMao\assets\resources\runGame\res\textures\effect\good\dead02.png\dead02 is already in used by E:\github\MusicGame20180312\BaMao\assets\resources\crg\res\textures\effect\good\dead02.png\dead02. Assigning a new uuid.
2018-03-22T08:27:25.235Z - failed: [db-task][init] uuid collision, the uuid for E:\github\MusicGame20180312\BaMao\assets\resources\runGame\res\textures\effect\good\dead03.png is already in used by E:\github\MusicGame20180312\BaMao\assets\resources\crg\res\textures\effect\good\dead03.png. Assigning a new uuid.
2018-03-22T08:27:25.235Z - failed: [db-task][init] uuid collision, the uuid for E:\github\MusicGame20180312\BaMao\assets\resources\runGame\res\textures\effect\good\dead03.png\dead03 is already in used by E:\github\MusicGame20180312\BaMao\assets\resources\crg\res\textures\effect\good\dead03.png\dead03. Assigning a new uuid.
2018-03-22T08:27:25.235Z - failed: [db-task][init] uuid collision, the uuid for E:\github\MusicGame20180312\BaMao\assets\resources\runGame\res\textures\effect\good\dead04.png is already in used by E:\github\MusicGame20180312\BaMao\assets\resources\crg\res\textures\effect\good\dead04.png. Assigning a new uuid.
2018-03-22T08:27:25.235Z - failed: [db-task][init] uuid collision, the uuid for E:\github\MusicGame20180312\BaMao\assets\resources\runGame\res\textures\effect\good\dead04.png\dead04 is already in used by E:\github\MusicGame20180312\BaMao\assets\resources\crg\res\textures\effect\good\dead04.png\dead04. Assigning a new uuid.
2018-03-22T08:27:25.235Z - failed: [db-task][init] uuid collision, the uuid for E:\github\MusicGame20180312\BaMao\assets\resources\runGame\res\textures\effect\good\dead05.png is already in used by E:\github\MusicGame20180312\BaMao\assets\resources\crg\res\textures\effect\good\dead05.png. Assigning a new uuid.
2018-03-22T08:27:25.235Z - failed: [db-task][init] uuid collision, the uuid for E:\github\MusicGame20180312\BaMao\assets\resources\runGame\res\textures\effect\good\dead05.png\dead05 is already in used by E:\github\MusicGame20180312\BaMao\assets\resources\crg\res\textures\effect\good\dead05.png\dead05. Assigning a new uuid.
2018-03-22T08:27:25.235Z - failed: [db-task][init] uuid collision, the uuid for E:\github\MusicGame20180312\BaMao\assets\resources\runGame\res\textures\effect\miss is already in used by E:\github\MusicGame20180312\BaMao\assets\resources\crg\res\textures\effect\miss. Assigning a new uuid.
2018-03-22T08:27:25.235Z - failed: [db-task][init] uuid collision, the uuid for E:\github\MusicGame20180312\BaMao\assets\resources\runGame\res\textures\effect\miss\ef_001_p_gl_515.png is already in used by E:\github\MusicGame20180312\BaMao\assets\resources\crg\res\textures\effect\miss\ef_001_p_gl_515.png. Assigning a new uuid.
2018-03-22T08:27:25.236Z - failed: [db-task][init] uuid collision, the uuid for E:\github\MusicGame20180312\BaMao\assets\resources\runGame\res\textures\effect\miss\ef_001_p_gl_516.png is already in used by E:\github\MusicGame20180312\BaMao\assets\resources\crg\res\textures\effect\miss\ef_001_p_gl_516.png. Assigning a new uuid.
2018-03-22T08:27:25.236Z - failed: [db-task][init] uuid collision, the uuid for E:\github\MusicGame20180312\BaMao\assets\resources\runGame\res\textures\effect\miss\ef_001_p_gl_517.png is already in used by E:\github\MusicGame20180312\BaMao\assets\resources\crg\res\textures\effect\miss\ef_001_p_gl_517.png. Assigning a new uuid.
2018-03-22T08:27:25.236Z - failed: [db-task][init] uuid collision, the uuid for E:\github\MusicGame20180312\BaMao\assets\resources\runGame\res\textures\effect\monkey is already in used by E:\github\MusicGame20180312\BaMao\assets\resources\crg\res\textures\effect\monkey. Assigning a new uuid.
2018-03-22T08:27:25.236Z - failed: [db-task][init] uuid collision, the uuid for E:\github\MusicGame20180312\BaMao\assets\resources\runGame\res\textures\effect\monkey\Stage6 MonkeyAttack_10.png is already in used by E:\github\MusicGame20180312\BaMao\assets\resources\crg\res\textures\effect\monkey\Stage6 MonkeyAttack_10.png. Assigning a new uuid.
2018-03-22T08:27:25.236Z - failed: [db-task][init] uuid collision, the uuid for E:\github\MusicGame20180312\BaMao\assets\resources\runGame\res\textures\effect\monkey\Stage6 MonkeyAttack_10.png\Stage6 MonkeyAttack_10 is already in used by E:\github\MusicGame20180312\BaMao\assets\resources\crg\res\textures\effect\monkey\Stage6 MonkeyAttack_10.png\Stage6 MonkeyAttack_10. Assigning a new uuid.
2018-03-22T08:27:25.236Z - failed: [db-task][init] uuid collision, the uuid for E:\github\MusicGame20180312\BaMao\assets\resources\runGame\res\textures\effect\monkey\Stage6 MonkeyAttack_11.png is already in used by E:\github\MusicGame20180312\BaMao\assets\resources\crg\res\textures\effect\monkey\Stage6 MonkeyAttack_11.png. Assigning a new uuid.
2018-03-22T08:27:25.236Z - failed: [db-task][init] uuid collision, the uuid for E:\github\MusicGame20180312\BaMao\assets\resources\runGame\res\textures\effect\monkey\Stage6 MonkeyAttack_11.png\Stage6 MonkeyAttack_11 is already in used by E:\github\MusicGame20180312\BaMao\assets\resources\crg\res\textures\effect\monkey\Stage6 MonkeyAttack_11.png\Stage6 MonkeyAttack_11. Assigning a new uuid.
2018-03-22T08:27:25.236Z - failed: [db-task][init] uuid collision, the uuid for E:\github\MusicGame20180312\BaMao\assets\resources\runGame\res\textures\effect\monkey\Stage6 MonkeyAttack_12.png is already in used by E:\github\MusicGame20180312\BaMao\assets\resources\crg\res\textures\effect\monkey\Stage6 MonkeyAttack_12.png. Assigning a new uuid.
2018-03-22T08:27:25.236Z - failed: [db-task][init] uuid collision, the uuid for E:\github\MusicGame20180312\BaMao\assets\resources\runGame\res\textures\effect\monkey\Stage6 MonkeyAttack_12.png\Stage6 MonkeyAttack_12 is already in used by E:\github\MusicGame20180312\BaMao\assets\resources\crg\res\textures\effect\monkey\Stage6 MonkeyAttack_12.png\Stage6 MonkeyAttack_12. Assigning a new uuid.
2018-03-22T08:27:25.236Z - failed: [db-task][init] uuid collision, the uuid for E:\github\MusicGame20180312\BaMao\assets\resources\runGame\res\textures\effect\monkey\Stage6 MonkeyAttack_2.png is already in used by E:\github\MusicGame20180312\BaMao\assets\resources\crg\res\textures\effect\monkey\Stage6 MonkeyAttack_2.png. Assigning a new uuid.
2018-03-22T08:27:25.236Z - failed: [db-task][init] uuid collision, the uuid for E:\github\MusicGame20180312\BaMao\assets\resources\runGame\res\textures\effect\monkey\Stage6 MonkeyAttack_2.png\Stage6 MonkeyAttack_2 is already in used by E:\github\MusicGame20180312\BaMao\assets\resources\crg\res\textures\effect\monkey\Stage6 MonkeyAttack_2.png\Stage6 MonkeyAttack_2. Assigning a new uuid.
2018-03-22T08:27:25.236Z - failed: [db-task][init] uuid collision, the uuid for E:\github\MusicGame20180312\BaMao\assets\resources\runGame\res\textures\effect\monkey\Stage6 MonkeyAttack_3.png is already in used by E:\github\MusicGame20180312\BaMao\assets\resources\crg\res\textures\effect\monkey\Stage6 MonkeyAttack_3.png. Assigning a new uuid.
2018-03-22T08:27:25.236Z - failed: [db-task][init] uuid collision, the uuid for E:\github\MusicGame20180312\BaMao\assets\resources\runGame\res\textures\effect\monkey\Stage6 MonkeyAttack_3.png\Stage6 MonkeyAttack_3 is already in used by E:\github\MusicGame20180312\BaMao\assets\resources\crg\res\textures\effect\monkey\Stage6 MonkeyAttack_3.png\Stage6 MonkeyAttack_3. Assigning a new uuid.
2018-03-22T08:27:25.236Z - failed: [db-task][init] uuid collision, the uuid for E:\github\MusicGame20180312\BaMao\assets\resources\runGame\res\textures\effect\monkey\Stage6 MonkeyAttack_4.png is already in used by E:\github\MusicGame20180312\BaMao\assets\resources\crg\res\textures\effect\monkey\Stage6 MonkeyAttack_4.png. Assigning a new uuid.
2018-03-22T08:27:25.236Z - failed: [db-task][init] uuid collision, the uuid for E:\github\MusicGame20180312\BaMao\assets\resources\runGame\res\textures\effect\monkey\Stage6 MonkeyAttack_4.png\Stage6 MonkeyAttack_4 is already in used by E:\github\MusicGame20180312\BaMao\assets\resources\crg\res\textures\effect\monkey\Stage6 MonkeyAttack_4.png\Stage6 MonkeyAttack_4. Assigning a new uuid.
2018-03-22T08:27:25.236Z - failed: [db-task][init] uuid collision, the uuid for E:\github\MusicGame20180312\BaMao\assets\resources\runGame\res\textures\effect\monkey\Stage6 MonkeyAttack_5.png is already in used by E:\github\MusicGame20180312\BaMao\assets\resources\crg\res\textures\effect\monkey\Stage6 MonkeyAttack_5.png. Assigning a new uuid.
2018-03-22T08:27:25.237Z - failed: [db-task][init] uuid collision, the uuid for E:\github\MusicGame20180312\BaMao\assets\resources\runGame\res\textures\effect\monkey\Stage6 MonkeyAttack_5.png\Stage6 MonkeyAttack_5 is already in used by E:\github\MusicGame20180312\BaMao\assets\resources\crg\res\textures\effect\monkey\Stage6 MonkeyAttack_5.png\Stage6 MonkeyAttack_5. Assigning a new uuid.
2018-03-22T08:27:25.237Z - failed: [db-task][init] uuid collision, the uuid for E:\github\MusicGame20180312\BaMao\assets\resources\runGame\res\textures\effect\monkey\Stage6 MonkeyAttack_6.png is already in used by E:\github\MusicGame20180312\BaMao\assets\resources\crg\res\textures\effect\monkey\Stage6 MonkeyAttack_6.png. Assigning a new uuid.
2018-03-22T08:27:25.237Z - failed: [db-task][init] uuid collision, the uuid for E:\github\MusicGame20180312\BaMao\assets\resources\runGame\res\textures\effect\monkey\Stage6 MonkeyAttack_6.png\Stage6 MonkeyAttack_6 is already in used by E:\github\MusicGame20180312\BaMao\assets\resources\crg\res\textures\effect\monkey\Stage6 MonkeyAttack_6.png\Stage6 MonkeyAttack_6. Assigning a new uuid.
2018-03-22T08:27:25.237Z - failed: [db-task][init] uuid collision, the uuid for E:\github\MusicGame20180312\BaMao\assets\resources\runGame\res\textures\effect\monkey\Stage6 MonkeyAttack_7.png is already in used by E:\github\MusicGame20180312\BaMao\assets\resources\crg\res\textures\effect\monkey\Stage6 MonkeyAttack_7.png. Assigning a new uuid.
2018-03-22T08:27:25.237Z - failed: [db-task][init] uuid collision, the uuid for E:\github\MusicGame20180312\BaMao\assets\resources\runGame\res\textures\effect\monkey\Stage6 MonkeyAttack_7.png\Stage6 MonkeyAttack_7 is already in used by E:\github\MusicGame20180312\BaMao\assets\resources\crg\res\textures\effect\monkey\Stage6 MonkeyAttack_7.png\Stage6 MonkeyAttack_7. Assigning a new uuid.
2018-03-22T08:27:25.237Z - failed: [db-task][init] uuid collision, the uuid for E:\github\MusicGame20180312\BaMao\assets\resources\runGame\res\textures\effect\monkey\Stage6 MonkeyAttack_8.png is already in used by E:\github\MusicGame20180312\BaMao\assets\resources\crg\res\textures\effect\monkey\Stage6 MonkeyAttack_8.png. Assigning a new uuid.
2018-03-22T08:27:25.237Z - failed: [db-task][init] uuid collision, the uuid for E:\github\MusicGame20180312\BaMao\assets\resources\runGame\res\textures\effect\monkey\Stage6 MonkeyAttack_8.png\Stage6 MonkeyAttack_8 is already in used by E:\github\MusicGame20180312\BaMao\assets\resources\crg\res\textures\effect\monkey\Stage6 MonkeyAttack_8.png\Stage6 MonkeyAttack_8. Assigning a new uuid.
2018-03-22T08:27:25.237Z - failed: [db-task][init] uuid collision, the uuid for E:\github\MusicGame20180312\BaMao\assets\resources\runGame\res\textures\effect\monkey\Stage6 MonkeyAttack_9.png is already in used by E:\github\MusicGame20180312\BaMao\assets\resources\crg\res\textures\effect\monkey\Stage6 MonkeyAttack_9.png. Assigning a new uuid.
2018-03-22T08:27:25.238Z - failed: [db-task][init] uuid collision, the uuid for E:\github\MusicGame20180312\BaMao\assets\resources\runGame\res\textures\effect\monkey\Stage6 MonkeyAttack_9.png\Stage6 MonkeyAttack_9 is already in used by E:\github\MusicGame20180312\BaMao\assets\resources\crg\res\textures\effect\monkey\Stage6 MonkeyAttack_9.png\Stage6 MonkeyAttack_9. Assigning a new uuid.
2018-03-22T08:27:25.238Z - failed: [db-task][init] uuid collision, the uuid for E:\github\MusicGame20180312\BaMao\assets\resources\runGame\res\textures\effect\smoke is already in used by E:\github\MusicGame20180312\BaMao\assets\resources\crg\res\textures\effect\smoke. Assigning a new uuid.
2018-03-22T08:27:25.238Z - failed: [db-task][init] uuid collision, the uuid for E:\github\MusicGame20180312\BaMao\assets\resources\runGame\res\textures\effect\smoke\special pirate cannons smoke_1.png is already in used by E:\github\MusicGame20180312\BaMao\assets\resources\crg\res\textures\effect\smoke\special pirate cannons smoke_1.png. Assigning a new uuid.
2018-03-22T08:27:25.238Z - failed: [db-task][init] uuid collision, the uuid for E:\github\MusicGame20180312\BaMao\assets\resources\runGame\res\textures\effect\smoke\special pirate cannons smoke_1.png\special pirate cannons smoke_1 is already in used by E:\github\MusicGame20180312\BaMao\assets\resources\crg\res\textures\effect\smoke\special pirate cannons smoke_1.png\special pirate cannons smoke_1. Assigning a new uuid.
2018-03-22T08:27:25.238Z - failed: [db-task][init] uuid collision, the uuid for E:\github\MusicGame20180312\BaMao\assets\resources\runGame\res\textures\effect\smoke\special pirate cannons smoke_10.png is already in used by E:\github\MusicGame20180312\BaMao\assets\resources\crg\res\textures\effect\smoke\special pirate cannons smoke_10.png. Assigning a new uuid.
2018-03-22T08:27:25.238Z - failed: [db-task][init] uuid collision, the uuid for E:\github\MusicGame20180312\BaMao\assets\resources\runGame\res\textures\effect\smoke\special pirate cannons smoke_10.png\special pirate cannons smoke_10 is already in used by E:\github\MusicGame20180312\BaMao\assets\resources\crg\res\textures\effect\smoke\special pirate cannons smoke_10.png\special pirate cannons smoke_10. Assigning a new uuid.
2018-03-22T08:27:25.238Z - failed: [db-task][init] uuid collision, the uuid for E:\github\MusicGame20180312\BaMao\assets\resources\runGame\res\textures\effect\smoke\special pirate cannons smoke_11.png is already in used by E:\github\MusicGame20180312\BaMao\assets\resources\crg\res\textures\effect\smoke\special pirate cannons smoke_11.png. Assigning a new uuid.
2018-03-22T08:27:25.238Z - failed: [db-task][init] uuid collision, the uuid for E:\github\MusicGame20180312\BaMao\assets\resources\runGame\res\textures\effect\smoke\special pirate cannons smoke_11.png\special pirate cannons smoke_11 is already in used by E:\github\MusicGame20180312\BaMao\assets\resources\crg\res\textures\effect\smoke\special pirate cannons smoke_11.png\special pirate cannons smoke_11. Assigning a new uuid.
2018-03-22T08:27:25.238Z - failed: [db-task][init] uuid collision, the uuid for E:\github\MusicGame20180312\BaMao\assets\resources\runGame\res\textures\effect\smoke\special pirate cannons smoke_12.png is already in used by E:\github\MusicGame20180312\BaMao\assets\resources\crg\res\textures\effect\smoke\special pirate cannons smoke_12.png. Assigning a new uuid.
2018-03-22T08:27:25.238Z - failed: [db-task][init] uuid collision, the uuid for E:\github\MusicGame20180312\BaMao\assets\resources\runGame\res\textures\effect\smoke\special pirate cannons smoke_12.png\special pirate cannons smoke_12 is already in used by E:\github\MusicGame20180312\BaMao\assets\resources\crg\res\textures\effect\smoke\special pirate cannons smoke_12.png\special pirate cannons smoke_12. Assigning a new uuid.
2018-03-22T08:27:25.238Z - failed: [db-task][init] uuid collision, the uuid for E:\github\MusicGame20180312\BaMao\assets\resources\runGame\res\textures\effect\smoke\special pirate cannons smoke_13.png is already in used by E:\github\MusicGame20180312\BaMao\assets\resources\crg\res\textures\effect\smoke\special pirate cannons smoke_13.png. Assigning a new uuid.
2018-03-22T08:27:25.238Z - failed: [db-task][init] uuid collision, the uuid for E:\github\MusicGame20180312\BaMao\assets\resources\runGame\res\textures\effect\smoke\special pirate cannons smoke_13.png\special pirate cannons smoke_13 is already in used by E:\github\MusicGame20180312\BaMao\assets\resources\crg\res\textures\effect\smoke\special pirate cannons smoke_13.png\special pirate cannons smoke_13. Assigning a new uuid.
2018-03-22T08:27:25.238Z - failed: [db-task][init] uuid collision, the uuid for E:\github\MusicGame20180312\BaMao\assets\resources\runGame\res\textures\effect\smoke\special pirate cannons smoke_14.png is already in used by E:\github\MusicGame20180312\BaMao\assets\resources\crg\res\textures\effect\smoke\special pirate cannons smoke_14.png. Assigning a new uuid.
2018-03-22T08:27:25.238Z - failed: [db-task][init] uuid collision, the uuid for E:\github\MusicGame20180312\BaMao\assets\resources\runGame\res\textures\effect\smoke\special pirate cannons smoke_14.png\special pirate cannons smoke_14 is already in used by E:\github\MusicGame20180312\BaMao\assets\resources\crg\res\textures\effect\smoke\special pirate cannons smoke_14.png\special pirate cannons smoke_14. Assigning a new uuid.
2018-03-22T08:27:25.238Z - failed: [db-task][init] uuid collision, the uuid for E:\github\MusicGame20180312\BaMao\assets\resources\runGame\res\textures\effect\smoke\special pirate cannons smoke_15.png is already in used by E:\github\MusicGame20180312\BaMao\assets\resources\crg\res\textures\effect\smoke\special pirate cannons smoke_15.png. Assigning a new uuid.
2018-03-22T08:27:25.238Z - failed: [db-task][init] uuid collision, the uuid for E:\github\MusicGame20180312\BaMao\assets\resources\runGame\res\textures\effect\smoke\special pirate cannons smoke_15.png\special pirate cannons smoke_15 is already in used by E:\github\MusicGame20180312\BaMao\assets\resources\crg\res\textures\effect\smoke\special pirate cannons smoke_15.png\special pirate cannons smoke_15. Assigning a new uuid.
2018-03-22T08:27:25.238Z - failed: [db-task][init] uuid collision, the uuid for E:\github\MusicGame20180312\BaMao\assets\resources\runGame\res\textures\effect\smoke\special pirate cannons smoke_2.png is already in used by E:\github\MusicGame20180312\BaMao\assets\resources\crg\res\textures\effect\smoke\special pirate cannons smoke_2.png. Assigning a new uuid.
2018-03-22T08:27:25.238Z - failed: [db-task][init] uuid collision, the uuid for E:\github\MusicGame20180312\BaMao\assets\resources\runGame\res\textures\effect\smoke\special pirate cannons smoke_2.png\special pirate cannons smoke_2 is already in used by E:\github\MusicGame20180312\BaMao\assets\resources\crg\res\textures\effect\smoke\special pirate cannons smoke_2.png\special pirate cannons smoke_2. Assigning a new uuid.
2018-03-22T08:27:25.239Z - failed: [db-task][init] uuid collision, the uuid for E:\github\MusicGame20180312\BaMao\assets\resources\runGame\res\textures\effect\smoke\special pirate cannons smoke_3.png is already in used by E:\github\MusicGame20180312\BaMao\assets\resources\crg\res\textures\effect\smoke\special pirate cannons smoke_3.png. Assigning a new uuid.
2018-03-22T08:27:25.239Z - failed: [db-task][init] uuid collision, the uuid for E:\github\MusicGame20180312\BaMao\assets\resources\runGame\res\textures\effect\smoke\special pirate cannons smoke_3.png\special pirate cannons smoke_3 is already in used by E:\github\MusicGame20180312\BaMao\assets\resources\crg\res\textures\effect\smoke\special pirate cannons smoke_3.png\special pirate cannons smoke_3. Assigning a new uuid.
2018-03-22T08:27:25.239Z - failed: [db-task][init] uuid collision, the uuid for E:\github\MusicGame20180312\BaMao\assets\resources\runGame\res\textures\effect\smoke\special pirate cannons smoke_4.png is already in used by E:\github\MusicGame20180312\BaMao\assets\resources\crg\res\textures\effect\smoke\special pirate cannons smoke_4.png. Assigning a new uuid.
2018-03-22T08:27:25.239Z - failed: [db-task][init] uuid collision, the uuid for E:\github\MusicGame20180312\BaMao\assets\resources\runGame\res\textures\effect\smoke\special pirate cannons smoke_4.png\special pirate cannons smoke_4 is already in used by E:\github\MusicGame20180312\BaMao\assets\resources\crg\res\textures\effect\smoke\special pirate cannons smoke_4.png\special pirate cannons smoke_4. Assigning a new uuid.
2018-03-22T08:27:25.239Z - failed: [db-task][init] uuid collision, the uuid for E:\github\MusicGame20180312\BaMao\assets\resources\runGame\res\textures\effect\smoke\special pirate cannons smoke_5.png is already in used by E:\github\MusicGame20180312\BaMao\assets\resources\crg\res\textures\effect\smoke\special pirate cannons smoke_5.png. Assigning a new uuid.
2018-03-22T08:27:25.239Z - failed: [db-task][init] uuid collision, the uuid for E:\github\MusicGame20180312\BaMao\assets\resources\runGame\res\textures\effect\smoke\special pirate cannons smoke_5.png\special pirate cannons smoke_5 is already in used by E:\github\MusicGame20180312\BaMao\assets\resources\crg\res\textures\effect\smoke\special pirate cannons smoke_5.png\special pirate cannons smoke_5. Assigning a new uuid.
2018-03-22T08:27:25.239Z - failed: [db-task][init] uuid collision, the uuid for E:\github\MusicGame20180312\BaMao\assets\resources\runGame\res\textures\effect\smoke\special pirate cannons smoke_6.png is already in used by E:\github\MusicGame20180312\BaMao\assets\resources\crg\res\textures\effect\smoke\special pirate cannons smoke_6.png. Assigning a new uuid.
2018-03-22T08:27:25.239Z - failed: [db-task][init] uuid collision, the uuid for E:\github\MusicGame20180312\BaMao\assets\resources\runGame\res\textures\effect\smoke\special pirate cannons smoke_6.png\special pirate cannons smoke_6 is already in used by E:\github\MusicGame20180312\BaMao\assets\resources\crg\res\textures\effect\smoke\special pirate cannons smoke_6.png\special pirate cannons smoke_6. Assigning a new uuid.
2018-03-22T08:27:25.239Z - failed: [db-task][init] uuid collision, the uuid for E:\github\MusicGame20180312\BaMao\assets\resources\runGame\res\textures\effect\smoke\special pirate cannons smoke_7.png is already in used by E:\github\MusicGame20180312\BaMao\assets\resources\crg\res\textures\effect\smoke\special pirate cannons smoke_7.png. Assigning a new uuid.
2018-03-22T08:27:25.239Z - failed: [db-task][init] uuid collision, the uuid for E:\github\MusicGame20180312\BaMao\assets\resources\runGame\res\textures\effect\smoke\special pirate cannons smoke_7.png\special pirate cannons smoke_7 is already in used by E:\github\MusicGame20180312\BaMao\assets\resources\crg\res\textures\effect\smoke\special pirate cannons smoke_7.png\special pirate cannons smoke_7. Assigning a new uuid.
2018-03-22T08:27:25.239Z - failed: [db-task][init] uuid collision, the uuid for E:\github\MusicGame20180312\BaMao\assets\resources\runGame\res\textures\effect\smoke\special pirate cannons smoke_8.png is already in used by E:\github\MusicGame20180312\BaMao\assets\resources\crg\res\textures\effect\smoke\special pirate cannons smoke_8.png. Assigning a new uuid.
2018-03-22T08:27:25.239Z - failed: [db-task][init] uuid collision, the uuid for E:\github\MusicGame20180312\BaMao\assets\resources\runGame\res\textures\effect\smoke\special pirate cannons smoke_8.png\special pirate cannons smoke_8 is already in used by E:\github\MusicGame20180312\BaMao\assets\resources\crg\res\textures\effect\smoke\special pirate cannons smoke_8.png\special pirate cannons smoke_8. Assigning a new uuid.
2018-03-22T08:27:25.240Z - failed: [db-task][init] uuid collision, the uuid for E:\github\MusicGame20180312\BaMao\assets\resources\runGame\res\textures\effect\smoke\special pirate cannons smoke_9.png is already in used by E:\github\MusicGame20180312\BaMao\assets\resources\crg\res\textures\effect\smoke\special pirate cannons smoke_9.png. Assigning a new uuid.
2018-03-22T08:27:25.240Z - failed: [db-task][init] uuid collision, the uuid for E:\github\MusicGame20180312\BaMao\assets\resources\runGame\res\textures\effect\smoke\special pirate cannons smoke_9.png\special pirate cannons smoke_9 is already in used by E:\github\MusicGame20180312\BaMao\assets\resources\crg\res\textures\effect\smoke\special pirate cannons smoke_9.png\special pirate cannons smoke_9. Assigning a new uuid.
2018-03-22T08:27:25.240Z - failed: [db-task][init] uuid collision, the uuid for E:\github\MusicGame20180312\BaMao\assets\resources\runGame\res\textures\ui\progress.png is already in used by E:\github\MusicGame20180312\BaMao\assets\resources\crg\res\textures\ui\progress.png. Assigning a new uuid.
2018-03-22T08:27:25.240Z - failed: [db-task][init] uuid collision, the uuid for E:\github\MusicGame20180312\BaMao\assets\resources\runGame\res\textures\ui\progress.png\progress is already in used by E:\github\MusicGame20180312\BaMao\assets\resources\crg\res\textures\ui\progress.png\progress. Assigning a new uuid.
2018-03-22T08:27:25.240Z - failed: [db-task][init] uuid collision, the uuid for E:\github\MusicGame20180312\BaMao\assets\resources\runGame\res\textures\ui\progressbg.png is already in used by E:\github\MusicGame20180312\BaMao\assets\resources\crg\res\textures\ui\progressbg.png. Assigning a new uuid.
2018-03-22T08:27:25.240Z - failed: [db-task][init] uuid collision, the uuid for E:\github\MusicGame20180312\BaMao\assets\resources\runGame\res\textures\ui\progressbg.png\progressbg is already in used by E:\github\MusicGame20180312\BaMao\assets\resources\crg\res\textures\ui\progressbg.png\progressbg. Assigning a new uuid.
2018-03-22T08:27:25.611Z - failed: [db-task][init] path collision, the path for 4edfc836-3efe-413f-a6a8-92206f1b0a6a is already in used by 4edfc836-3efe-413f-a6a8-92206f1b0a6a. Assigning a new path.
2018-03-22T08:27:25.612Z - failed: [db-task][init] path collision, the path for d0f9ae9b-b352-4d98-9ff0-519ecc755fd0 is already in used by d0f9ae9b-b352-4d98-9ff0-519ecc755fd0. Assigning a new path.
2018-03-22T08:27:25.630Z - failed: [db-task][init] path collision, the path for a86ef9a1-5dbe-4d7d-a423-c568d323fa9d is already in used by a86ef9a1-5dbe-4d7d-a423-c568d323fa9d. Assigning a new path.
2018-03-22T08:27:25.632Z - failed: [db-task][init] path collision, the path for cccfd494-c7d2-4b9f-bce2-59570311e9c9 is already in used by cccfd494-c7d2-4b9f-bce2-59570311e9c9. Assigning a new path.
2018-03-22T08:27:25.639Z - failed: [db-task][init] path collision, the path for 0bf9100c-5351-4d5c-85c2-8e13186b06e9 is already in used by 0bf9100c-5351-4d5c-85c2-8e13186b06e9. Assigning a new path.
2018-03-22T08:27:25.640Z - failed: [db-task][init] path collision, the path for 8b4cb7c0-42f1-4b25-802f-4156f7fd9733 is already in used by 8b4cb7c0-42f1-4b25-802f-4156f7fd9733. Assigning a new path.
2018-03-22T08:27:25.653Z - failed: [db-task][init] path collision, the path for 51c867a0-d289-4c55-be23-7c2115a7c31c is already in used by 51c867a0-d289-4c55-be23-7c2115a7c31c. Assigning a new path.
2018-03-22T08:27:25.654Z - failed: [db-task][init] path collision, the path for 4a74b5a2-4703-4ff0-89a3-581f4f3c1ae2 is already in used by 4a74b5a2-4703-4ff0-89a3-581f4f3c1ae2. Assigning a new path.
2018-03-22T08:27:25.664Z - failed: [db-task][init] path collision, the path for 855c6c74-4ffa-44f5-856b-cad30185c3e6 is already in used by 855c6c74-4ffa-44f5-856b-cad30185c3e6. Assigning a new path.
2018-03-22T08:27:25.666Z - failed: [db-task][init] path collision, the path for de68a2f7-1cd2-43dd-8cd0-ddb626403730 is already in used by de68a2f7-1cd2-43dd-8cd0-ddb626403730. Assigning a new path.
2018-03-22T08:27:25.675Z - failed: [db-task][init] path collision, the path for 63bc8e86-cc7a-4d5d-a0d6-21b477f138f0 is already in used by 63bc8e86-cc7a-4d5d-a0d6-21b477f138f0. Assigning a new path.
2018-03-22T08:27:25.678Z - failed: [db-task][init] path collision, the path for e18f5e17-6f64-47d5-8d31-93550d087ded is already in used by e18f5e17-6f64-47d5-8d31-93550d087ded. Assigning a new path.
2018-03-22T08:27:25.686Z - failed: [db-task][init] path collision, the path for 43ffb011-c958-413e-a79b-dc9d0bac7c45 is already in used by 43ffb011-c958-413e-a79b-dc9d0bac7c45. Assigning a new path.
2018-03-22T08:27:25.691Z - failed: [db-task][init] path collision, the path for 58ada63e-6693-42e7-a0e2-1a75e066e0f2 is already in used by 58ada63e-6693-42e7-a0e2-1a75e066e0f2. Assigning a new path.
2018-03-22T08:27:25.705Z - failed: [db-task][init] path collision, the path for 89871dbe-491f-40ca-bc0b-b6b1887ecc08 is already in used by 89871dbe-491f-40ca-bc0b-b6b1887ecc08. Assigning a new path.
2018-03-22T08:27:25.707Z - failed: [db-task][init] path collision, the path for c13d15fc-b7ba-46cb-b181-16a1ea00182b is already in used by c13d15fc-b7ba-46cb-b181-16a1ea00182b. Assigning a new path.
2018-03-22T08:27:25.719Z - failed: [db-task][init] path collision, the path for 60940606-c1a6-4f12-bc5f-05a2dc7f9adb is already in used by 60940606-c1a6-4f12-bc5f-05a2dc7f9adb. Assigning a new path.
2018-03-22T08:27:25.722Z - failed: [db-task][init] path collision, the path for b1140cec-c2e2-44af-b217-a699487d218f is already in used by b1140cec-c2e2-44af-b217-a699487d218f. Assigning a new path.
2018-03-22T08:27:25.732Z - failed: [db-task][init] path collision, the path for 2293d3a6-2fe6-45f4-8746-012b1ac9a043 is already in used by 2293d3a6-2fe6-45f4-8746-012b1ac9a043. Assigning a new path.
2018-03-22T08:27:25.734Z - failed: [db-task][init] path collision, the path for 4e5e3106-6dac-4dfd-8e41-fe4923fc58ac is already in used by 4e5e3106-6dac-4dfd-8e41-fe4923fc58ac. Assigning a new path.
2018-03-22T08:27:25.743Z - failed: [db-task][init] path collision, the path for 8dcd2b12-2a62-4b2d-a41c-f2c09429fc28 is already in used by 8dcd2b12-2a62-4b2d-a41c-f2c09429fc28. Assigning a new path.
2018-03-22T08:27:25.747Z - failed: [db-task][init] path collision, the path for bc2022d3-ee0b-4bbb-84b2-4f836143b4c7 is already in used by bc2022d3-ee0b-4bbb-84b2-4f836143b4c7. Assigning a new path.
2018-03-22T08:27:25.755Z - failed: [db-task][init] path collision, the path for 9ad3b864-fd7e-46ad-a323-1929126e5637 is already in used by 9ad3b864-fd7e-46ad-a323-1929126e5637. Assigning a new path.
2018-03-22T08:27:25.756Z - failed: [db-task][init] path collision, the path for f373f946-ea99-44b8-a294-fae307f14e0d is already in used by f373f946-ea99-44b8-a294-fae307f14e0d. Assigning a new path.
2018-03-22T08:27:25.763Z - failed: [db-task][init] path collision, the path for 82d5ee03-402e-42b1-8f7a-a90e8b725dd0 is already in used by 82d5ee03-402e-42b1-8f7a-a90e8b725dd0. Assigning a new path.
2018-03-22T08:27:25.766Z - failed: [db-task][init] path collision, the path for b27194c4-3806-4367-8e9b-ea5c97d070c3 is already in used by b27194c4-3806-4367-8e9b-ea5c97d070c3. Assigning a new path.
2018-03-22T08:27:25.774Z - failed: [db-task][init] path collision, the path for f79292ba-1c2d-49f1-936c-26d162baa5d6 is already in used by f79292ba-1c2d-49f1-936c-26d162baa5d6. Assigning a new path.
2018-03-22T08:27:25.775Z - failed: [db-task][init] path collision, the path for ba653037-a281-4222-9fae-47f5f3bc9737 is already in used by ba653037-a281-4222-9fae-47f5f3bc9737. Assigning a new path.
2018-03-22T08:27:25.782Z - failed: [db-task][init] path collision, the path for 03602f56-7f15-4bed-a967-77633b2936d8 is already in used by 03602f56-7f15-4bed-a967-77633b2936d8. Assigning a new path.
2018-03-22T08:27:25.790Z - failed: [db-task][init] path collision, the path for fc3f6d56-f521-44c6-aa82-85736bc8ebf0 is already in used by fc3f6d56-f521-44c6-aa82-85736bc8ebf0. Assigning a new path.
2018-03-22T08:27:25.800Z - failed: [db-task][init] path collision, the path for 3173e10f-7c17-41de-b768-b49e5c777d2a is already in used by 3173e10f-7c17-41de-b768-b49e5c777d2a. Assigning a new path.
2018-03-22T08:27:25.820Z - failed: [db-task][init] path collision, the path for 3d30b198-5901-4381-baa8-51e8c586c8e7 is already in used by 3d30b198-5901-4381-baa8-51e8c586c8e7. Assigning a new path.
2018-03-22T08:27:25.829Z - failed: [db-task][init] path collision, the path for 76ca2cab-a4af-4874-b6f9-79a1a26006d1 is already in used by 76ca2cab-a4af-4874-b6f9-79a1a26006d1. Assigning a new path.
2018-03-22T08:27:25.836Z - failed: [db-task][init] path collision, the path for 08276831-0d7a-4968-8919-a77054120e0f is already in used by 08276831-0d7a-4968-8919-a77054120e0f. Assigning a new path.
2018-03-22T08:27:25.841Z - failed: [db-task][init] path collision, the path for 8ead4d1c-57bc-40a5-8071-9360658cce5a is already in used by 8ead4d1c-57bc-40a5-8071-9360658cce5a. Assigning a new path.
2018-03-22T08:27:25.850Z - failed: [db-task][init] path collision, the path for 8a741c22-9e0d-473c-a4de-d80384981c68 is already in used by 8a741c22-9e0d-473c-a4de-d80384981c68. Assigning a new path.
2018-03-22T08:27:25.852Z - failed: [db-task][init] path collision, the path for be25d817-c030-4ef8-80e3-2ff14d893237 is already in used by be25d817-c030-4ef8-80e3-2ff14d893237. Assigning a new path.
2018-03-22T08:27:25.858Z - failed: [db-task][init] path collision, the path for 612210ea-15dd-4740-926e-5df8ab7d2417 is already in used by 612210ea-15dd-4740-926e-5df8ab7d2417. Assigning a new path.
2018-03-22T08:27:25.860Z - failed: [db-task][init] path collision, the path for 24aa2be6-78d4-472a-a072-19a4a27afcac is already in used by 24aa2be6-78d4-472a-a072-19a4a27afcac. Assigning a new path.
2018-03-22T08:27:25.864Z - failed: [db-task][init] path collision, the path for 7781b809-225a-4661-befe-d0a97809b262 is already in used by 7781b809-225a-4661-befe-d0a97809b262. Assigning a new path.
2018-03-22T08:27:25.866Z - failed: [db-task][init] path collision, the path for 6891e714-ac9e-4f0a-b700-e03f59cf15f8 is already in used by 6891e714-ac9e-4f0a-b700-e03f59cf15f8. Assigning a new path.
2018-03-22T08:27:25.870Z - failed: [db-task][init] path collision, the path for ab41f328-424e-4e7f-a0d1-0249fffd2773 is already in used by ab41f328-424e-4e7f-a0d1-0249fffd2773. Assigning a new path.
2018-03-22T08:27:25.871Z - failed: [db-task][init] path collision, the path for 9430991f-f2b4-4bee-953a-fd99612185ef is already in used by 9430991f-f2b4-4bee-953a-fd99612185ef. Assigning a new path.
2018-03-22T08:27:25.898Z - failed: [db-task][init] path collision, the path for 936a0d41-a3e2-4ffb-bcfd-cbb124388d7c is already in used by 936a0d41-a3e2-4ffb-bcfd-cbb124388d7c. Assigning a new path.
2018-03-22T08:27:25.900Z - failed: [db-task][init] path collision, the path for 274e2a65-bd33-4e04-8334-9a422edc6eda is already in used by 274e2a65-bd33-4e04-8334-9a422edc6eda. Assigning a new path.
2018-03-22T08:27:25.921Z - failed: [db-task][init] path collision, the path for ea4c1dac-d3f2-4abc-b8e9-4322973cdb34 is already in used by ea4c1dac-d3f2-4abc-b8e9-4322973cdb34. Assigning a new path.
2018-03-22T08:27:25.927Z - failed: [db-task][init] path collision, the path for 374a5064-8503-40ef-8a0a-29cdd01665ab is already in used by 374a5064-8503-40ef-8a0a-29cdd01665ab. Assigning a new path.
2018-03-22T08:27:25.932Z - failed: [db-task][init] Failed to import asset E:\github\MusicGame20180312\BaMao\assets\resources\crg\res\textures\effect\miss\ef_001_p_gl_515.png, message: Error: vipspng: Read Error

2018-03-22T08:27:25.936Z - failed: [db-task][init] Failed to import asset E:\github\MusicGame20180312\BaMao\assets\resources\crg\res\textures\effect\miss\ef_001_p_gl_516.png, message: Error: vipspng: Read Error

2018-03-22T08:27:25.944Z - failed: [db-task][init] path collision, the path for fd126988-51db-487a-80ca-1783265f4ca3 is already in used by fd126988-51db-487a-80ca-1783265f4ca3. Assigning a new path.
2018-03-22T08:27:25.947Z - failed: [db-task][init] Failed to import asset E:\github\MusicGame20180312\BaMao\assets\resources\crg\res\textures\effect\miss\ef_001_p_gl_517.png, message: Error: vipspng: Read Error

2018-03-22T08:27:25.950Z - failed: [db-task][init] path collision, the path for c1ba11ba-8d31-4d29-8be4-40d21ff88fa4 is already in used by c1ba11ba-8d31-4d29-8be4-40d21ff88fa4. Assigning a new path.
2018-03-22T08:27:25.959Z - failed: [db-task][init] path collision, the path for 75d6b611-5f27-430a-8512-86f9ebb8b6a7 is already in used by 75d6b611-5f27-430a-8512-86f9ebb8b6a7. Assigning a new path.
2018-03-22T08:27:25.963Z - failed: [db-task][init] path collision, the path for 7923d8cb-170c-4ebe-89ea-b76bacc9fbab is already in used by 7923d8cb-170c-4ebe-89ea-b76bacc9fbab. Assigning a new path.
2018-03-22T08:27:25.966Z - failed: [db-task][init] path collision, the path for 81a13aa1-9895-41c0-8119-2a1a81c2e19e is already in used by 81a13aa1-9895-41c0-8119-2a1a81c2e19e. Assigning a new path.
2018-03-22T08:27:25.968Z - failed: [db-task][init] path collision, the path for b0df533c-6105-4332-b7cf-39bb25139e2b is already in used by b0df533c-6105-4332-b7cf-39bb25139e2b. Assigning a new path.
2018-03-22T08:27:25.971Z - failed: [db-task][init] path collision, the path for 137462a2-1071-46d2-ad17-21676fcd9128 is already in used by 137462a2-1071-46d2-ad17-21676fcd9128. Assigning a new path.
2018-03-22T08:27:25.973Z - failed: [db-task][init] path collision, the path for 1a000f6b-52e6-41ff-acc3-c5f51001b7b3 is already in used by 1a000f6b-52e6-41ff-acc3-c5f51001b7b3. Assigning a new path.
2018-03-22T08:27:25.975Z - failed: [db-task][init] path collision, the path for 28479774-23bf-4a49-acb7-01d2b9e67f88 is already in used by 28479774-23bf-4a49-acb7-01d2b9e67f88. Assigning a new path.
2018-03-22T08:27:25.979Z - failed: [db-task][init] path collision, the path for ada4e1e6-70b3-469f-a300-632f4fc4942a is already in used by ada4e1e6-70b3-469f-a300-632f4fc4942a. Assigning a new path.
2018-03-22T08:27:25.981Z - failed: [db-task][init] path collision, the path for e2de6f9e-176b-4e2a-a993-5c63a3bb2647 is already in used by e2de6f9e-176b-4e2a-a993-5c63a3bb2647. Assigning a new path.
2018-03-22T08:27:25.984Z - failed: [db-task][init] path collision, the path for 93c7fb6a-771a-4e74-a51f-740ea68b6bb6 is already in used by 93c7fb6a-771a-4e74-a51f-740ea68b6bb6. Assigning a new path.
2018-03-22T08:27:25.988Z - failed: [db-task][init] path collision, the path for 5aea5bef-85a7-4ac2-9453-fcc96f9e3df6 is already in used by 5aea5bef-85a7-4ac2-9453-fcc96f9e3df6. Assigning a new path.
2018-03-22T08:27:25.992Z - failed: [db-task][init] path collision, the path for f471dd4d-4fd7-40bb-a5f3-a2493572cc11 is already in used by f471dd4d-4fd7-40bb-a5f3-a2493572cc11. Assigning a new path.
2018-03-22T08:27:25.995Z - failed: [db-task][init] path collision, the path for a3828720-b738-4f96-9b00-c1fa7544c970 is already in used by a3828720-b738-4f96-9b00-c1fa7544c970. Assigning a new path.
2018-03-22T08:27:25.998Z - failed: [db-task][init] path collision, the path for 638a771a-0782-4f62-9290-554abd972c14 is already in used by 638a771a-0782-4f62-9290-554abd972c14. Assigning a new path.
2018-03-22T08:27:26.001Z - failed: [db-task][init] path collision, the path for f10d7d1f-8c45-42b3-93fd-e43326ddc9c3 is already in used by f10d7d1f-8c45-42b3-93fd-e43326ddc9c3. Assigning a new path.
2018-03-22T08:27:26.003Z - failed: [db-task][init] path collision, the path for 45269258-dcbf-4042-a9ab-aff4530b2867 is already in used by 45269258-dcbf-4042-a9ab-aff4530b2867. Assigning a new path.
2018-03-22T08:27:26.008Z - failed: [db-task][init] path collision, the path for 0be03243-f642-4c6c-9370-26eb2d5a3745 is already in used by 0be03243-f642-4c6c-9370-26eb2d5a3745. Assigning a new path.
2018-03-22T08:27:26.010Z - failed: [db-task][init] path collision, the path for b9e61066-2768-4a33-ba7e-3ff97f4e38de is already in used by b9e61066-2768-4a33-ba7e-3ff97f4e38de. Assigning a new path.
2018-03-22T08:27:26.014Z - failed: [db-task][init] path collision, the path for 5faa75da-bd49-47fb-8379-d6048b2e95b6 is already in used by 5faa75da-bd49-47fb-8379-d6048b2e95b6. Assigning a new path.
2018-03-22T08:27:26.016Z - failed: [db-task][init] path collision, the path for 98f16753-dcfe-445e-8cab-8a03b4b8cab3 is already in used by 98f16753-dcfe-445e-8cab-8a03b4b8cab3. Assigning a new path.
2018-03-22T08:27:26.020Z - failed: [db-task][init] path collision, the path for ecc64b8e-9c74-4cac-9444-398f5b026c33 is already in used by ecc64b8e-9c74-4cac-9444-398f5b026c33. Assigning a new path.
2018-03-22T08:27:26.022Z - failed: [db-task][init] path collision, the path for 41eba1c4-d7d9-4512-8289-2ade1a3fcec7 is already in used by 41eba1c4-d7d9-4512-8289-2ade1a3fcec7. Assigning a new path.
2018-03-22T08:27:26.026Z - failed: [db-task][init] path collision, the path for 63400803-7cac-4bfb-b01d-8afed83f4c59 is already in used by 63400803-7cac-4bfb-b01d-8afed83f4c59. Assigning a new path.
2018-03-22T08:27:26.027Z - failed: [db-task][init] path collision, the path for bdd33e63-8aef-40eb-9de2-a7e2b29385cb is already in used by bdd33e63-8aef-40eb-9de2-a7e2b29385cb. Assigning a new path.
2018-03-22T08:27:26.031Z - failed: [db-task][init] path collision, the path for a175e541-5623-41fd-90cd-57eb512da22b is already in used by a175e541-5623-41fd-90cd-57eb512da22b. Assigning a new path.
2018-03-22T08:27:26.033Z - failed: [db-task][init] path collision, the path for 8925643b-75c9-45f6-8be7-2eb429e234a4 is already in used by 8925643b-75c9-45f6-8be7-2eb429e234a4. Assigning a new path.
2018-03-22T08:27:26.037Z - failed: [db-task][init] path collision, the path for 93e9376f-107a-4945-a6ef-1a4346fd1781 is already in used by 93e9376f-107a-4945-a6ef-1a4346fd1781. Assigning a new path.
2018-03-22T08:27:26.054Z - failed: [db-task][init] path collision, the path for d0f9ae9b-b352-4d98-9ff0-519ecc755fd0 is already in used by d0f9ae9b-b352-4d98-9ff0-519ecc755fd0. Assigning a new path.
2018-03-22T08:27:26.058Z - failed: [db-task][init] path collision, the path for 4edfc836-3efe-413f-a6a8-92206f1b0a6a is already in used by 4edfc836-3efe-413f-a6a8-92206f1b0a6a. Assigning a new path.
2018-03-22T08:27:26.073Z - failed: [db-task][init] path collision, the path for cccfd494-c7d2-4b9f-bce2-59570311e9c9 is already in used by cccfd494-c7d2-4b9f-bce2-59570311e9c9. Assigning a new path.
2018-03-22T08:27:26.373Z - success: preview server running at http://localhost:7456
2018-03-22T08:27:31.531Z - normal: 1.9.0
2018-03-22T08:27:31.638Z - warn: The id already added in the tree: 3e1899d7-6244-4441-bc57-1e933c34ea70
